[00:00:00] [Server thread/WARN]: kyleflick124 moved too quickly! 8.661576185724698,-3.749985235612897,5.22447812918108
[00:00:22] [Server thread/INFO]: <yR_Mew> ===============
[00:00:26] [Server thread/INFO]: <lordxcaio> 0
[00:00:31] [Server thread/INFO]: <Guitarrinhaa> 3
[00:00:32] [Server thread/INFO]: <yR_Mew> 2
[00:00:33] [Server thread/INFO]: <Shaanphin> 2
[00:00:45] [Server thread/INFO]: <lordxcaio> 2
[00:01:00] [Server thread/INFO]: <kyleflick124> 3
[00:01:05] [Server thread/INFO]: <yR_Mew> ==============
[00:01:35] [Server thread/INFO]: <lordxcaio> 0
[00:01:44] [Server thread/INFO]: <Infinitemarcus> 2
[00:01:48] [Server thread/INFO]: <Guitarrinhaa> 2
[00:01:49] [Server thread/INFO]: <Shaanphin> 1
[00:01:52] [Server thread/INFO]: <HeraTheDog> 2
[00:01:55] [Server thread/INFO]: <lordxcaio> 2
[00:01:57] [Server thread/INFO]: <kyleflick124> 2
[00:02:14] [Server thread/INFO]: <yR_Mew> ================
[00:02:16] [Server thread/INFO]: <Shaanphin> 2
[00:02:22] [Server thread/INFO]: <yR_Mew> 3
[00:02:23] [Server thread/INFO]: <lordxcaio> 4
[00:02:25] [Server thread/INFO]: <Infinitemarcus> 3
[00:02:30] [Server thread/INFO]: <HeraTheDog> 3
[00:02:31] [Server thread/INFO]: <Guitarrinhaa> 1
[00:02:32] [Server thread/INFO]: <kyleflick124> 3
[00:02:54] [Server thread/INFO]: <yR_Mew> ========
[00:02:58] [Server thread/INFO]: <lordxcaio> 1
[00:03:02] [Server thread/INFO]: <yR_Mew> 2
[00:03:05] [Server thread/INFO]: <Shaanphin> 1
[00:03:13] [Server thread/INFO]: <HeraTheDog> 2
[00:03:16] [Server thread/INFO]: <Infinitemarcus> 2
[00:12:43] [Server thread/INFO]: Guitarrinhaa fell out of the world
[00:13:12] [Server thread/WARN]: Entity aah['Guitarrinhaa'/2878, l='ServerLevel[HackoonSpace]', x=505.50, y=56.00, z=510.50] left loaded chunk area
[00:20:16] [Server thread/INFO]: Shaanphin has made the advancement [Diamonds!]
[00:28:37] [Server thread/INFO]: lordxcaio lost connection: Disconnected
[00:28:37] [Server thread/INFO]: lordxcaio left the game
[00:31:46] [Server thread/WARN]: Shaanphin moved too quickly! -0.41537672537378967,-11.264007452983847,-0.02626361802686006
[00:38:28] [Server thread/INFO]: Shaanphin lost connection: Disconnected
[00:38:28] [Server thread/INFO]: Shaanphin left the game
[00:38:33] [Server thread/INFO]: yR_Mew lost connection: Disconnected
[00:38:33] [Server thread/INFO]: yR_Mew left the game
[00:38:37] [Server thread/INFO]: HeraTheDog lost connection: Disconnected
[00:38:37] [Server thread/INFO]: HeraTheDog left the game
[00:40:20] [Server thread/INFO]: Infinitemarcus lost connection: Disconnected
[00:40:20] [Server thread/INFO]: Infinitemarcus left the game
[00:43:36] [Server thread/INFO]: kyleflick124 lost connection: Disconnected
[00:43:36] [Server thread/INFO]: kyleflick124 left the game
[00:43:47] [Server thread/INFO]: Guitarrinhaa lost connection: Disconnected
[00:43:47] [Server thread/INFO]: Guitarrinhaa left the game
